[信息]: 获取项目基本信息...
[信息]: 项目目录: E:\C#'s src\Minecraft_QQ-C-Server-\Native.Core\
[信息]: 项目名称: Native.Core
[信息]: Json路径: E:\C#'s src\Minecraft_QQ-C-Server-\Native.Core\app.json
[信息]: 正在读取文件...
[信息]: ============================================================
[信息]: 正在为文件: CQEventExport.cs 初始化模板编辑器...
[信息]: 确定文件保存位置...
[信息]: 写入引用和命名空间...
[信息]: 写入构造函数...
[信息]: 写入 AppInfo 方法...
[信息]: 获取 ApiVer 信息...
[信息]: 写入 Initialize 方法...
[信息]: 获取 ResultCode 信息...
[信息]: 获取 ApiVer 信息...
[信息]: 获取 Name 信息...
[信息]: 获取 Version 信息...
[信息]: 获取 VersionId 信息...
[信息]: 获取 author 信息...
[信息]: 获取 description 信息...
[信息]: 写入全局异常处理...
[信息]: 获取 Event 节点...
[信息]: 添加 _eventPrivateMsg 到事件...
[信息]: 添加 _eventGroupMsg 到事件...
[信息]: 添加 _eventDiscussMsg 到事件...
[信息]: 添加 _eventGroupUpload 到事件...
[信息]: 添加 _eventSystem_GroupAdmin 到事件...
[信息]: 添加 _eventSystem_GroupMemberDecrease 到事件...
[信息]: 添加 _eventSystem_GroupMemberIncrease 到事件...
[信息]: 添加 _eventSystem_GroupBan 到事件...
[信息]: 添加 _eventFriend_Add 到事件...
[信息]: 添加 _eventRequest_AddFriend 到事件...
[信息]: 添加 _eventRequest_AddGroup 到事件...
[信息]: 添加 _eventStartup 到事件...
[信息]: 添加 _eventExit 到事件...
[信息]: 添加 _eventEnable 到事件...
[信息]: 添加 _eventDisable 到事件...
[信息]: 导出 _eventPrivateMsg 函数...
[信息]: 导出 _eventGroupMsg 函数...
[信息]: 导出 _eventDiscussMsg 函数...
[信息]: 导出 _eventGroupUpload 函数...
[信息]: 导出 _eventSystem_GroupAdmin 函数...
[信息]: 导出 _eventSystem_GroupMemberDecrease 函数...
[信息]: 导出 _eventSystem_GroupMemberIncrease 函数...
[信息]: 导出 _eventSystem_GroupBan 函数...
[信息]: 导出 _eventFriend_Add 函数...
[信息]: 导出 _eventRequest_AddFriend 函数...
[信息]: 导出 _eventRequest_AddGroup 函数...
[信息]: 导出 _eventStartup 函数...
[信息]: 导出 _eventExit 函数...
[信息]: 导出 _eventEnable 函数...
[信息]: 导出 _eventDisable 函数...
[信息]: 写入命名空间...
[信息]: 写入引用列表...
[信息]: 写入文件头注释...
[信息]: 写入文件: CQEventExport.cs 并绑定模板...
[信息]: ============================================================
[信息]: 正在为文件: CQMenuExport.cs 初始化模板编辑器...
[信息]: 确定文件保存位置...
[信息]: 写入引用和命名空间...
[信息]: 写入构造函数...
[信息]: 获取 Menu 节点...
[信息]: 添加 _menuA 到事件...
[信息]: 添加 _menuB 到事件...
[信息]: 导出 _menuA 函数...
[信息]: 导出 _menuB 函数...
[信息]: 写入命名空间...
[信息]: 写入引用列表...
[信息]: 写入文件头注释...
[信息]: 写入文件: CQMenuExport.cs 并绑定模板...
[信息]: ============================================================
[信息]: 正在为文件: CQStatusExport.cs 初始化模板编辑器...
[信息]: 确定文件保存位置...
[信息]: 写入引用和命名空间...
[信息]: 写入构造函数...
[信息]: 获取 Status 节点...
[信息]: 添加 _statusUptime 到事件...
[信息]: 导出 _statusUptime 函数...
[信息]: 写入命名空间...
[信息]: 写入引用列表...
[信息]: 写入文件头注释...
[信息]: 写入文件: CQStatusExport.cs 并绑定模板...
[信息]: ============================================================
